*** Starting build of parser frame
*** Compiling each module
*** Compiling parser 2, 3, 4, 5
*** End of separate module compilation
*** Save old parser output
*** Build and test the frame demo
*** Running test
*** Comparing current and previous outputs 
1,33d0
< 
<  *** In  parser
<  *** In  program_header
<  --------In match expected:  257, found:  257
<  --------In match expected:  258, found:  258
<  --------In match expected:   40, found:   40
<  --------In match expected:  259, found:  259
<  --------In match expected:   44, found:   44
<  --------In match expected:  260, found:  260
<  --------In match expected:   41, found:   41
<  --------In match expected:   59, found:   59
<  *** In  var_part
<  --------In match expected:  261, found:  261
<  --------In match expected:  258, found:  258
<  --------In match expected:   44, found:   44
<  --------In match expected:  258, found:  258
<  --------In match expected:   44, found:   44
<  --------In match expected:  258, found:  258
<  --------In match expected:   58, found:   58
<  --------In match expected:  262, found:  262
<  --------In match expected:   59, found:   59
<  *** In  stat_part
<  --------In match expected:  263, found:  263
<  --------In match expected:  258, found:  258
<  --------In match expected:  264, found:  264
<  --------In match expected:  258, found:  258
<  --------In match expected:   43, found:   43
<  --------In match expected:  258, found:  258
<  --------In match expected:   42, found:   42
<  --------In match expected:  265, found:  265
<  --------In match expected:  266, found:  266
<  --------In match expected:   46, found:   46 
<  Parse Successful! 
*** End of comparison
*** Tidy up ...
*** End of tidy up
*** End of parser test
