
________________________________________________________
 THE SYMBOL TABLE
________________________________________________________
       NAME       ROLE       TYPE       SIZE       ADDR
________________________________________________________
________________________________________________________

STATIC STORAGE REQUIRED is 0 BYTES

________________________________________________________
________________________________________________________
 THE SYMBOL TABLE
________________________________________________________
       NAME       ROLE       TYPE       SIZE       ADDR
________________________________________________________
        abc    program    program         32          0
          A        var    integer          4          0
          B        var    integer          4          4
          C        var       real          8          8
          D        var       real          8         16
          E        var    boolean          4         24
          F        var    boolean          4         28
________________________________________________________

STATIC STORAGE REQUIRED is 32 BYTES

________________________________________________________
 name FOUND 
 name FOUND 
 name FOUND 
 name NOT FOUND 

